Arguments: 
  /usr/local/bin/node /Users/chenjiajing/.yarn/bin/yarn.js

PATH: 
  /Users/chenjiajing/.yarn/bin:/Users/chenjiajing/.config/yarn/global/node_modules/.bin:/usr/local/opt/sqlite/bin:/usr/local/bin:/usr/bin:/bin:/usr/sbin:/sbin:/opt/X11/bin:/Library/Apple/usr/bin:/Users/chenjiajing/.yarn/bin:/Users/chenjiajing/.config/yarn/global/node_modules/.bin:/usr/local/opt/sqlite/bin

Yarn version: 
  1.22.4

Node version: 
  14.4.0

Platform: 
  darwin x64

Trace: 
  Error: https://registry.yarnpkg.com/clean-webpack-plugin: ETIMEDOUT
      at Timeout._onTimeout (/Users/chenjiajing/.yarn/lib/cli.js:141408:19)
      at listOnTimeout (internal/timers.js:549:17)
      at processTimers (internal/timers.js:492:7)

npm manifest: 
  {
    "name": "webpack-demo",
    "version": "1.0.0",
    "description": "",
    "private": true,
    "keywords": [],
    "author": "",
    "license": "ISC",
    "scripts": {
      "dev": "webpack-dev-server --config webpack.dev.js",
      "server": "node server.js",
      "build": "webpack --config webpack.prod.js",
      "start": "http-server dist -p 8080"
    },
    "devDependencies": {
      "clean-webpack-plugin": "^3.0.0",
      "css-loader": "^3.6.0",
      "express": "^4.17.1",
      "file-loader": "^6.0.0",
      "html-webpack-plugin": "^4.3.0",
      "http-server": "^0.12.3",
      "style-loader": "^1.2.1",
      "ts-loader": "^7.0.5",
      "typescript": "^3.9.5",
      "uglifyjs-webpack-plugin": "^2.2.0",
      "webpack": "^4.43.0",
      "webpack-cli": "^3.3.11",
      "webpack-dev-middleware": "^3.7.2",
      "webpack-dev-server": "^3.11.0",
      "webpack-merge": "^4.2.2"
    },
    "dependencies": {}
  }

yarn manifest: 
  No manifest

Lockfile: 
  No lockfile
